<?xml version="1.0" encoding="utf-8"?><testsuites><testsuite name="pytest" errors="0" failures="0" skipped="0" tests="3" time="0.737" timestamp="2024-04-30T18:39:21.091293" hostname="85cccd6cc892"><testcase classname="tests.test_prediction" name="test_single_pred_not_none" time="0.024" /><testcase classname="tests.test_prediction" name="test_single_pred_str_type" time="0.024" /><testcase classname="tests.test_prediction" name="test_single_pred_validate" time="0.023" /></testsuite></testsuites>